<?xml version="1.0" encoding="utf-8"?><testsuites name="pytest tests"><testsuite name="pytest" errors="0" failures="0" skipped="0" tests="37" time="0.075" timestamp="2026-08-27T14:24:28.861343+00:00" hostname="agent-env-281841f9-0861-47ec-912b-f365068604bb"><testcase classname="tests.test_crossover" name="test_returns_none_when_any_input_missing" time="0.000" /><testcase classname="tests.test_crossover" name="test_buy_event_fires_when_fast_crosses_above_slow" time="0.000" /><testcase classname="tests.test_crossover" name="test_buy_event_prev_equal_slow_and_now_above" time="0.000" /><testcase classname="tests.test_crossover" name="test_sell_event_fires_when_fast_crosses_below_slow" time="0.000" /><testcase classname="tests.test_crossover" name="test_sell_event_prev_equal_slow_and_now_below" time="0.000" /><testcase classname="tests.test_crossover" name="test_no_event_when_relationship_unchanged" time="0.000" /><testcase classname="tests.test_crossover" name="test_stance_reflects_current_relationship" time="0.000" /><testcase classname="tests.test_models" name="test_market_tick_defaults" time="0.000" /><testcase classname="tests.test_models" name="test_market_tick_full_payload" time="0.000" /><testcase classname="tests.test_models" name="test_screened_stock_placeholders_are_none" time="0.000" /><testcase classname="tests.test_providers" name="test_demo_provider_is_a_base_provider" time="0.000" /><testcase classname="tests.test_providers" name="test_demo_provider_is_ready_after_init" time="0.000" /><testcase classname="tests.test_providers" name="test_demo_provider_snapshot_shape" time="0.000" /><testcase classname="tests.test_providers" name="test_demo_provider_ticks_change_over_time" time="0.000" /><testcase classname="tests.test_providers" name="test_angel_one_provider_is_not_ready_and_raises" time="0.000" /><testcase classname="tests.test_screener" name="test_price_boundary_30_inclusive" time="0.000" /><testcase classname="tests.test_screener" name="test_price_boundary_500_inclusive" time="0.000" /><testcase classname="tests.test_screener" name="test_price_boundary_below_30_rejected" time="0.000" /><testcase classname="tests.test_screener" name="test_price_boundary_above_500_rejected" time="0.000" /><testcase classname="tests.test_screener" name="test_price_middle_of_band" time="0.000" /><testcase classname="tests.test_screener" name="test_bid_qty_exactly_1M_rejected" time="0.000" /><testcase classname="tests.test_screener" name="test_ask_qty_exactly_1M_rejected" time="0.000" /><testcase classname="tests.test_screener" name="test_bid_and_ask_qty_1M_plus_1_qualifies" time="0.000" /><testcase classname="tests.test_screener" name="test_low_bid_qty_disqualifies_even_if_ask_ok" time="0.000" /><testcase classname="tests.test_screener" name="test_low_ask_qty_disqualifies_even_if_bid_ok" time="0.000" /><testcase classname="tests.test_screener" name="test_combined_pass" time="0.000" /><testcase classname="tests.test_screener" name="test_combined_price_fail" time="0.000" /><testcase classname="tests.test_screener" name="test_combined_liquidity_fail" time="0.000" /><testcase classname="tests.test_screener" name="test_combined_both_fail" time="0.000" /><testcase classname="tests.test_screener" name="test_screen_universe_returns_one_result_per_input" time="0.000" /><testcase classname="tests.test_screener" name="test_thresholds_are_the_documented_values" time="0.000" /><testcase classname="tests.test_smma" name="test_smma_warmup_returns_none_until_period_prices" time="0.000" /><testcase classname="tests.test_smma" name="test_smma_recurrence_after_warmup" time="0.000" /><testcase classname="tests.test_smma" name="test_smma_constant_series_equals_constant" time="0.000" /><testcase classname="tests.test_smma" name="test_smma_lags_a_rising_series" time="0.000" /><testcase classname="tests.test_smma" name="test_smma_convenience_matches_streaming" time="0.000" /><testcase classname="tests.test_smma" name="test_smma_rejects_bad_period" time="0.000" /></testsuite></testsuites>